
Showing logs for build [32mjstrachan-nodey436-master-l89lk-3[0m stage [32mfrom-build-pack[0m and container [32mstep-credential-initializer-ckjgw[0m
{"level":"warn","ts":1585567315.5118465,"logger":"fallback-logger","caller":"logging/config.go:69","msg":"Fetch GitHub commit ID from kodata failed: \"ref: refs/heads/0.8.0-**-support-backwards-incompats\" is not a valid GitHub commit ID"}
{"level":"info","ts":1585567315.5127857,"logger":"fallback-logger","caller":"creds-init/main.go:40","msg":"Credentials initialized."}

Showing logs for build [32mjstrachan-nodey436-master-l89lk-3[0m stage [32mfrom-build-pack[0m and container [32mstep-working-dir-initializer-86pbp[0m
{"level":"warn","ts":1585567316.89617,"logger":"fallback-logger","caller":"logging/config.go:69","msg":"Fetch GitHub commit ID from kodata failed: open /var/run/ko/HEAD: no such file or directory"}
{"level":"info","ts":1585567316.8973644,"logger":"fallback-logger","caller":"bash/main.go:64","msg":"Successfully executed command \"sh -c mkdir -p /workspace/source\"; output "}

Showing logs for build [32mjstrachan-nodey436-master-l89lk-3[0m stage [32mfrom-build-pack[0m and container [32mstep-place-tools[0m

Showing logs for build [32mjstrachan-nodey436-master-l89lk-3[0m stage [32mfrom-build-pack[0m and container [32mstep-git-source-jstrachan-nodey436-master-l89lk-x4ntr[0m
{"level":"warn","ts":1585567323.955624,"logger":"fallback-logger","caller":"logging/config.go:69","msg":"Fetch GitHub commit ID from kodata failed: \"ref: refs/heads/0.8.0-**-support-backwards-incompats\" is not a valid GitHub commit ID"}
{"level":"info","ts":1585567325.1819084,"logger":"fallback-logger","caller":"git/git.go:103","msg":"Successfully cloned https://github.com/*********/nodey436.git @ v1.0.9 in path /workspace/source"}

Showing logs for build [32mjstrachan-nodey436-master-l89lk-3[0m stage [32mfrom-build-pack[0m and container [32mstep-git-merge[0m
Using SHAs from PULL_REFS=master:
WARNING: no SHAs to merge, falling back to initial cloned commit

Showing logs for build [32mjstrachan-nodey436-master-l89lk-3[0m stage [32mfrom-build-pack[0m and container [32mstep-setup-jx-git-credentials[0m
Generated Git credentials file /workspace/xdg_config/git/credentials

Showing logs for build [32mjstrachan-nodey436-master-l89lk-3[0m stage [32mfrom-build-pack[0m and container [32mstep-build-npmrc[0m
Command "credential" is deprecated, it will be removed on Jun 1 2020.  This is replaced by Tekton's mounted secrets
WARNING: failed to find Secret npm-token in namespace **

Showing logs for build [32mjstrachan-nodey436-master-l89lk-3[0m stage [32mfrom-build-pack[0m and container [32mstep-build-npm-install[0m
npm notice created a lockfile as package-lock.json. You should commit this file.
npm WARN REPLACE_ME@1.0.9 No repository field.
npm WARN REPLACE_ME@1.0.9 No license field.

up to date in 0.427s
found 0 vulnerabilities


Showing logs for build [32mjstrachan-nodey436-master-l89lk-3[0m stage [32mfrom-build-pack[0m and container [32mstep-build-npm-test[0m

> REPLACE_ME@1.0.9 test /workspace/source
> echo "no test specified" && exit 0

no test specified

Showing logs for build [32mjstrachan-nodey436-master-l89lk-3[0m stage [32mfrom-build-pack[0m and container [32mstep-build-container-build[0m
ERROR: logging before flag.Parse: E0330 11:22:16.866701      11 metadata.go:241] Failed to unmarshal scopes: invalid character 'h' looking for beginning of value
[36mINFO[0m[0001] Downloading base image node:9-slim           
ERROR: logging before flag.Parse: E0330 11:22:16.878696      11 metadata.go:159] while reading 'google-dockercfg-url' metadata: http status code: 404 while fetching url http://metadata.google.internal./computeMetadata/v1/instance/attributes/google-dockercfg-url
ERROR: logging before flag.Parse: E0330 11:22:16.960885      11 metadata.go:142] while reading 'google-dockercfg' metadata: http status code: 404 while fetching url http://metadata.google.internal./computeMetadata/v1/instance/attributes/google-dockercfg
2020/03/30 11:22:16 No matching credentials were found, falling back on anonymous
[36mINFO[0m[0002] Error while retrieving image from cache: getting file info: stat /workspace/sha256:0e0175bbe4f8d9d104590d8d2c591017874e30977cb71aaff1cf6fa99479575c: no such file or directory 
[36mINFO[0m[0002] Downloading base image node:9-slim           
2020/03/30 11:22:18 No matching credentials were found, falling back on anonymous
[36mINFO[0m[0003] Executing 0 build triggers                   
[36mINFO[0m[0003] cmd: EXPOSE                                  
[36mINFO[0m[0003] Adding exposed port: 8080/tcp                
[36mINFO[0m[0003] Using files from context: [/workspace/source] 
[36mINFO[0m[0003] Skipping unpacking as no commands require it. 
[36mINFO[0m[0003] Taking snapshot of full filesystem...        
[36mINFO[0m[0003] ENV PORT 8080                                
[36mINFO[0m[0003] No files changed in this command, skipping snapshotting. 
[36mINFO[0m[0003] EXPOSE 8080                                  
[36mINFO[0m[0003] cmd: EXPOSE                                  
[36mINFO[0m[0003] Adding exposed port: 8080/tcp                
[36mINFO[0m[0003] No files changed in this command, skipping snapshotting. 
[36mINFO[0m[0003] WORKDIR /usr/src/app                         
[36mINFO[0m[0003] cmd: workdir                                 
[36mINFO[0m[0003] Changed working directory to /usr/src/app    
[36mINFO[0m[0003] Creating directory /usr/src/app              
[36mINFO[0m[0003] Taking snapshot of files...                  
[36mINFO[0m[0003] Using files from context: [/workspace/source] 
[36mINFO[0m[0003] COPY . .                                     
[36mINFO[0m[0003] Taking snapshot of files...                  
[36mINFO[0m[0003] CMD ["npm", "start"]                         
[36mINFO[0m[0003] No files changed in this command, skipping snapshotting. 
2020/03/30 11:22:49 existing blob: sha256:7d083412657baa2dafba8d093034ef26f9ed2c90fb6ed95f76bb55aff03ed429
2020/03/30 11:22:49 existing blob: sha256:e01bd28a434b56ffd2a3fe9aa99b9b69aecca69904843edd30b1ee7150d79904
2020/03/30 11:22:49 existing blob: sha256:a88538b9cd05cfa611e43a25582a95ad7879f6fa708b0386a26b71ee62235bb3
2020/03/30 11:22:49 existing blob: sha256:5bba3ecb4cd6374a19da45f2a3db0a9c0804984358b3bb4b666c28944016e5ff
2020/03/30 11:22:49 existing blob: sha256:196b8e3c919d5639193ba6c6e54774528942041bbc37606631a2250502985c3c
2020/03/30 11:22:49 pushed blob: sha256:a659f65c6a245dc0b738755d64d8fcb060f0c3c69c9c0fddfb1dc04101bffeb0
2020/03/30 11:22:49 pushed blob: sha256:73354c857b4a86efe207160ae7e3cf5056028f01381287c9fb72087b4eb075aa
2020/03/30 11:22:49 pushed blob: sha256:eb63ba80d9ed741eec377e9a4d3716bfc13fb472865bd85f636c831a06e12aff
2020/03/30 11:22:49 10.27.246.139/myproject/nodey436:1.0.9: digest: sha256:26d1bb8adf1b809f184edfefb874c78769b67d27969fc99bd0a13fa95daea4e1 size: 1404

Showing logs for build [32mjstrachan-nodey436-master-l89lk-3[0m stage [32mfrom-build-pack[0m and container [32mstep-build-post-build[0m
no CVE provider running in the current ** namespace so skip adding image to be analysed

Showing logs for build [32mjstrachan-nodey436-master-l89lk-3[0m stage [32mfrom-build-pack[0m and container [32mstep-promote-changelog[0m
Converted /workspace/source/charts/nodey436 to an unshallow repository
Generating change log from git ref 47e07639ea256db09d53048c9e394e594a379cc2 => 284d0b8a46a3ff721359b7efdd29f5f60e9078ed
Associating user x-0 in users.jenkins.io with email jenkins-x@googlegroups.com to git GitProvider user with login -0 as emails match
Adding label jenkins.io/git-github-userid=-0 to user x-0 in users.jenkins.io
WARNING: Failed to enrich commit ea09c11f938519f70a84e9e92cead8110dad72e7 with issues: User.jenkins.io "x-0" is invalid: metadata.labels: Invalid value: "-0": a valid label must be an empty string or consist of alphanumeric characters, '-', '_' or '.', and must start and end with an alphanumeric character (e.g. 'MyValue',  or 'my_value',  or '12345', regex used for validation is '(([A-Za-z0-9][-A-Za-z0-9_.]*)?[A-Za-z0-9])?')
Associating user x-0 in users.jenkins.io with email jenkins-x@googlegroups.com to git GitProvider user with login -0 as emails match
Adding label jenkins.io/git-github-userid=-0 to user x-0 in users.jenkins.io
WARNING: Failed to enrich commit ea09c11f938519f70a84e9e92cead8110dad72e7 with issues: User.jenkins.io "x-0" is invalid: metadata.labels: Invalid value: "-0": a valid label must be an empty string or consist of alphanumeric characters, '-', '_' or '.', and must start and end with an alphanumeric character (e.g. 'MyValue',  or 'my_value',  or '12345', regex used for validation is '(([A-Za-z0-9][-A-Za-z0-9_.]*)?[A-Za-z0-9])?')
Finding issues in commit messages using git format
WARNING: No release found for *********/nodey436 and tag v1.0.9 so creating a new release
Updated the release information at https://github.com/*********/nodey436/releases/tag/v1.0.9
generated: /workspace/source/charts/nodey436/templates/release.yaml
Created Release nodey436-1-0-9 resource in namespace **
Updating PipelineActivity *********-nodey436-master-3 with version 1.0.9
Updated PipelineActivities *********-nodey436-master-3 with release notes URL: https://github.com/*********/nodey436/releases/tag/v1.0.9

Showing logs for build [32mjstrachan-nodey436-master-l89lk-3[0m stage [32mfrom-build-pack[0m and container [32mstep-promote-helm-release[0m
Adding missing Helm repo: storage.googleapis.com https://storage.googleapis.com/chartmuseum.jenkins-x.io
Successfully added Helm repository storage.googleapis.com.
Adding missing Helm repo: bucketrepo http://bucketrepo/bucketrepo/charts/
Successfully added Helm repository bucketrepo.
Uploading chart file nodey436-1.0.9.tgz to http://bucketrepo/bucketrepo/charts/api/charts
Received 200 response: 

Showing logs for build [32mjstrachan-nodey436-master-l89lk-3[0m stage [32mfrom-build-pack[0m and container [32mstep-promote-jx-promote[0m
WARNING: prow based install so skip waiting for the merge of Pull Requests to go green as currently there is an issue with gettingstatuses from the PR, see https://github.com/jenkins-x/**/issues/2410
WARNING: No $CHART_REPOSITORY defined so using the default value of: http://jenkins-x-chartmuseum:8080
Promoting app nodey436 version 1.0.9 to namespace **-staging
WARNING: 
Created Pull Request: https://github.com/*********/environment-plaink8s3-staging/pull/5
Added label updatebot to Pull Request https://github.com/*********/environment-plaink8s3-staging/pull/5
WARNING: Failed to query the Pull Request last commit status for https://github.com/*********/environment-plaink8s3-staging/pull/5 ref e30908e5af554dbe5b3a689db9409bb5118ba4f9 Could not find a status for repository *********/environment-plaink8s3-staging with ref e30908e5af554dbe5b3a689db9409bb5118ba4f9
got git provider status pending from PR https://github.com/*********/environment-plaink8s3-staging/pull/5
got git provider status pending from PR https://github.com/*********/environment-plaink8s3-staging/pull/5
got git provider status pending from PR https://github.com/*********/environment-plaink8s3-staging/pull/5
Pull Request https://github.com/*********/environment-plaink8s3-staging/pull/5 is merged at sha 71bf4c28605f170955fb45b99479cc00c5b269c0
Pull Request merged but we are not waiting for the update pipeline to complete!
WARNING: Could not find the service URL in namespace **-staging for names nodey436, **-nodey436, **-staging-nodey436
